Traceback (most recent call last):
  File "/home/kctsai/fintech/microcast/receive/crawl_yahoo.py", line 15, in <module>
    with open("0050.json") as json_50:
FileNotFoundError: [Errno 2] No such file or directory: '0050.json'
['2330', '2454', '2317', '2308', '2303', '2603', '2881', '1301', '2002', '1303', '2882', '2412', '2891', '3711', '2615', '1216', '2886', '3008', '2884', '2885', '1326', '2609', '3034', '1101', '2357', '2327', '5871', '2379', '2382', '6415', '2892', '5880', '2409', '2207', '2880', '1590', '3045', '2887', '6505', '5876', '2912', '4938', '2395', '1402', '1102', '2801', '9910', '4904', '8046', '2408', '2883', '3481', '2345', '3037', '2890', '2474', '1476', '2301', '2888', '2049', '2377', '2344', '2492', '9904', '9921', '2324', '3231', '1605', '2105', '6669', '2353', '2337', '2356', '8454', '2027', '3702', '2360', '6239', '9914', '2354', '2347', '6409', '3044', '4958', '2383', '9945', '2633', '1802', '8464', '1907', '1504', '2458', '3023', '6176', '1477', '2371', '2823', '6116', '2376', '2637', '2014', '2108', '2610', '3714', '5269', '3406', '2449', '2385', '2006', '2618', '1229', '2313', '2834', '6213', '1904', '2889', '6269', '1722', '2542', '2352', '1717', '3443', '6531', '3661', '1210', '3533', '2809', '3189', '2915', '2606', '1434', '2812', '1440', '2404', '3576', '9917', '3653', '3706', '6456', '1227', '2059', '2201', '2441', '9941', '2845', '6781', '5522', '6592', '3532', '2227']
['2330', '2454', '2317', '2308', '2303', '2603', '2881', '1301', '2002', '1303', '2882', '2412', '2891', '3711', '2886', '1216', '2615', '3008', '2885', '2884', '1326', '2609', '3034', '2357', '1101', '2327', '5871', '2379', '2382', '6415', '2892', '5880', '2207', '2409', '2880', '1590', '3045', '2887', '6505', '5876', '2912', '2395', '4938', '1402', '1102', '9910', '2801', '4904', '8046', '2408', '2883', '3481', '2345', '3037', '2890', '2474', '1476', '2301', '2888', '2377', '2049', '2344', '2492', '9904', '9921', '2324', '3231', '1605', '6669', '2105', '3702', '2353', '2337', '2356', '2027', '2360', '6239', '8454', '9914', '2354', '2347', '6409', '3044', '4958', '2383', '9945', '2633', '8464', '1802', '1504', '1907', '2458', '3023', '6176', '1477', '2371', '2376', '2823', '2006', '6116', '2014', '2610', '3406', '3714', '5269', '2108', '2449', '6213', '2385', '2618', '1229', '2313', '2637', '2834', '1904', '2889', '6269', '1722', '2352', '6531', '2542', '1717', '3661', '3189', '3443', '1210', '2809', '3533', '2915', '1434', '2404', '2812', '2606', '1440', '3576', '3653', '9917', '3706', '6456', '1227', '2059', '2201', '2441', '9941', '2845', '6781', '6592', '5522', '3532', '2227']
['2330', '2317', '2454', '2308', '2303', '2603', '2881', '1301', '2002', '1303', '2882', '2412', '2891', '3711', '2886', '1216', '2615', '2609', '2885', '3008', '2884', '1326', '3034', '2327', '1101', '2357', '5871', '2379', '2382', '2892', '6415', '5880', '2207', '2409', '2880', '1590', '3045', '2887', '6505', '5876', '2912', '2395', '4938', '1402', '1102', '9910', '2801', '4904', '8046', '2408', '2883', '2345', '3481', '3037', '2890', '2474', '1476', '2301', '2888', '2049', '2377', '2492', '2344', '9904', '9921', '2324', '3231', '1605', '2105', '6669', '3702', '8454', '2353', '2356', '2337', '2027', '2360', '6239', '9914', '2354', '2347', '3044', '6409', '4958', '1802', '2383', '9945', '2633', '8464', '1504', '1907', '2458', '3023', '6176', '2376', '2371', '2823', '1477', '2006', '6116', '2014', '2610', '2108', '2449', '3406', '3714', '5269', '6213', '2385', '2618', '1229', '2637', '2834', '2313', '1904', '2889', '1722', '2352', '6269', '3189', '1717', '2542', '6531', '3661', '3443', '1210', '2809', '3533', '2915', '1434', '2812', '2404', '2606', '1440', '3653', '3576', '9917', '3706', '1227', '2059', '6456', '9941', '2201', '2441', '2845', '6781', '6592', '5522', '3532', '2227']
['2330', '2317', '2454', '2308', '2303', '2881', '2603', '1301', '1303', '2002', '2882', '2412', '2891', '3711', '2886', '1216', '2609', '2884', '2885', '3008', '2615', '1326', '3034', '2327', '1101', '2357', '5871', '2379', '6415', '2382', '2892', '5880', '2207', '2409', '2880', '1590', '3045', '2887', '6505', '5876', '2912', '2395', '4938', '1402', '1102', '2801', '9910', '4904', '8046', '2408', '2883', '2345', '3037', '3481', '2890', '1476', '2474', '2301', '2888', '2377', '2049', '2492', '2344', '9904', '9921', '2324', '3231', '6669', '1605', '8454', '2105', '2356', '3702', '2353', '2337', '2360', '6239', '9914', '2027', '2354', '2347', '6409', '3044', '4958', '1802', '9945', '2383', '2633', '8464', '1504', '1907', '2458', '2823', '6176', '2376', '3023', '2371', '1477', '3406', '6116', '6213', '2610', '2385', '2449', '3714', '5269', '2006', '2618', '2014', '1229', '2834', '2313', '1904', '2108', '2637', '2889', '6269', '1722', '2542', '2352', '3189', '1717', '6531', '3443', '3661', '1210', '2809', '3533', '2915', '1434', '2812', '2404', '1440', '2606', '3653', '9917', '3576', '3706', '1227', '2059', '6456', '9941', '2201', '2441', '2845', '6781', '5522', '6592', '3532', '2227']
['2330', '2317', '2454', '2308', '2303', '2881', '2603', '1301', '1303', '2002', '2882', '2412', '2891', '3711', '2886', '1216', '2615', '2609', '3008', '2885', '2884', '1326', '3034', '1101', '2327', '2357', '5871', '2379', '6415', '2382', '2892', '5880', '2409', '2207', '2880', '3045', '2887', '1590', '5876', '6505', '2912', '2395', '4938', '1402', '1102', '2801', '9910', '4904', '8046', '2408', '2883', '3037', '2345', '3481', '2890', '2474', '1476', '2301', '2888', '2377', '2049', '2492', '2344', '9904', '2324', '3231', '9921', '1605', '6669', '8454', '2105', '2356', '3702', '2353', '2337', '6239', '2360', '2027', '9914', '2354', '2347', '1802', '9945', '3044', '6409', '4958', '2383', '2633', '8464', '1504', '1907', '2458', '6176', '2823', '2371', '3023', '6116', '1477', '2376', '3406', '5269', '2006', '2610', '2014', '3714', '2385', '2449', '6213', '2618', '2637', '2313', '1229', '2108', '2834', '3189', '2889', '1904', '1722', '2542', '2352', '6269', '1717', '2915', '6531', '3661', '3443', '1210', '2809', '3533', '2812', '1434', '1440', '2404', '2606', '3576', '3653', '9917', '3706', '1227', '2059', '6456', '9941', '2441', '2201', '2845', '6781', '5522', '6592', '3532', '2227']
['2330', '2317', '2454', '2308', '2303', '2881', '1301', '2603', '1303', '2002', '2882', '2412', '2891', '3711', '2886', '1216', '2884', '2615', '3008', '2885', '2609', '1326', '3034', '1101', '2327', '2357', '5871', '2379', '2382', '6415', '2892', '5880', '2409', '2207', '2880', '2887', '3045', '1590', '6505', '2912', '5876', '2395', '4938', '1402', '1102', '2801', '4904', '9910', '8046', '2408', '2883', '3037', '2345', '3481', '2890', '2474', '1476', '2301', '2888', '2377', '2344', '2049', '2492', '9904', '3231', '2324', '9921', '1605', '6669', '8454', '2105', '2356', '3702', '2353', '2337', '2360', '6239', '2027', '2354', '2347', '9914', '9945', '3044', '4958', '6409', '2383', '1802', '2633', '8464', '1504', '2458', '1907', '6176', '2823', '2371', '3023', '6116', '1477', '2376', '5269', '2449', '2610', '3714', '6213', '2006', '2385', '3406', '2014', '3189', '1229', '2108', '2313', '2618', '2834', '2889', '2637', '2352', '1904', '2542', '1722', '6269', '1717', '2915', '3661', '3443', '3533', '6531', '1210', '2809', '1434', '2812', '2404', '1440', '2606', '3576', '3653', '9917', '3706', '1227', '2059', '6456', '9941', '2201', '2441', '2845', '6781', '5522', '6592', '3532', '2227']
Traceback (most recent call last):
  File "/home/kctsai/fintech/microcast/receive/crawl_yahoo.py", line 49, in <module>
    sub_page = requests.get(url)
  File "/home/kctsai/miniconda3/envs/demo/lib/python3.6/site-packages/requests/api.py", line 76, in get
    return request('get', url, params=params, **kwargs)
  File "/home/kctsai/miniconda3/envs/demo/lib/python3.6/site-packages/requests/api.py", line 61, in request
    return session.request(method=method, url=url, **kwargs)
  File "/home/kctsai/miniconda3/envs/demo/lib/python3.6/site-packages/requests/sessions.py", line 542, in request
    resp = self.send(prep, **send_kwargs)
  File "/home/kctsai/miniconda3/envs/demo/lib/python3.6/site-packages/requests/sessions.py", line 649, in send
    adapter = self.get_adapter(url=request.url)
  File "/home/kctsai/miniconda3/envs/demo/lib/python3.6/site-packages/requests/sessions.py", line 742, in get_adapter
    raise InvalidSchema("No connection adapters were found for {!r}".format(url))
requests.exceptions.InvalidSchema: No connection adapters were found for '南亞>台塑化>台化]]>https://tw.stock.yahoo.com/news/%E7%86%B1%E9%96%80%E6%97%8F%E7%BE%A4-%E5%A4%96%E8%B3%87%E7%9C%8B%E5%9B%9B%E5%AF%B6-%E5%8F%B0%E5%A1%91-%E5%8D%97%E4%BA%9E-%E5%8F%B0%E5%A1%91%E5%8C%96-024921227.html'
['2330', '2454', '2317', '2308', '2303', '2881', '1301', '1303', '2603', '2002', '2882', '2412', '2891', '3711', '2886', '1216', '2615', '2884', '3008', '2885', '2609', '1326', '3034', '1101', '2327', '2357', '5871', '2379', '6415', '2382', '2892', '5880', '2409', '2207', '2880', '2887', '3045', '1590', '2912', '5876', '6505', '2395', '4938', '1402', '1102', '2801', '4904', '9910', '8046', '2408', '2883', '2345', '3037', '3481', '2890', '2474', '1476', '2301', '2888', '2049', '2377', '2344', '2492', '9904', '2324', '3231', '9921', '6669', '1605', '2105', '2356', '8454', '2353', '2360', '3702', '6239', '2027', '2337', '2354', '9914', '9945', '2347', '3044', '4958', '6409', '1802', '2383', '2633', '8464', '2458', '1504', '6176', '1907', '2823', '2371', '3023', '5269', '1477', '3189', '6116', '6213', '3714', '2449', '2014', '2385', '2610', '2006', '2376', '3406', '1229', '2108', '2313', '2834', '2889', '2618', '2637', '2542', '2352', '6531', '1722', '1904', '1717', '3443', '6269', '3661', '2915', '3533', '2809', '1210', '2812', '1434', '2404', '1440', '2606', '3653', '3706', '3576', '9917', '1227', '2059', '6456', '9941', '2441', '2201', '2845', '6781', '5522', '6592', '3532', '2227']
Traceback (most recent call last):
  File "/home/kctsai/fintech/microcast/receive/crawl_yahoo.py", line 49, in <module>
    sub_page = requests.get(url)
  File "/home/kctsai/miniconda3/envs/demo/lib/python3.6/site-packages/requests/api.py", line 76, in get
    return request('get', url, params=params, **kwargs)
  File "/home/kctsai/miniconda3/envs/demo/lib/python3.6/site-packages/requests/api.py", line 61, in request
    return session.request(method=method, url=url, **kwargs)
  File "/home/kctsai/miniconda3/envs/demo/lib/python3.6/site-packages/requests/sessions.py", line 542, in request
    resp = self.send(prep, **send_kwargs)
  File "/home/kctsai/miniconda3/envs/demo/lib/python3.6/site-packages/requests/sessions.py", line 649, in send
    adapter = self.get_adapter(url=request.url)
  File "/home/kctsai/miniconda3/envs/demo/lib/python3.6/site-packages/requests/sessions.py", line 742, in get_adapter
    raise InvalidSchema("No connection adapters were found for {!r}".format(url))
requests.exceptions.InvalidSchema: No connection adapters were found for '南亞>台塑化>台化]]>https://tw.stock.yahoo.com/news/%E7%86%B1%E9%96%80%E6%97%8F%E7%BE%A4-%E5%A4%96%E8%B3%87%E7%9C%8B%E5%9B%9B%E5%AF%B6-%E5%8F%B0%E5%A1%91-%E5%8D%97%E4%BA%9E-%E5%8F%B0%E5%A1%91%E5%8C%96-024921227.html'
['2330', '2317', '2454', '2308', '2303', '2881', '1301', '1303', '2882', '2002', '2412', '2603', '2891', '3711', '2886', '1216', '2884', '3008', '2885', '1326', '2615', '3034', '5871', '1101', '2327', '2357', '2609', '2379', '2382', '6415', '2892', '5880', '2207', '2409', '2880', '2887', '3045', '1590', '2395', '2912', '5876', '6505', '4938', '1402', '1102', '2801', '9910', '4904', '8046', '2408', '2883', '2345', '3037', '3481', '2890', '2474', '1476', '2301', '2888', '2344', '2049', '2377', '2492', '9904', '2324', '6669', '9921', '3231', '1605', '8454', '2105', '2356', '2337', '2353', '3702', '2360', '6239', '2027', '2354', '9914', '2347', '9945', '6409', '1802', '4958', '2383', '2633', '3044', '8464', '5269', '2458', '1504', '6176', '2823', '3023', '2371', '1907', '6116', '1477', '2313', '3714', '6213', '2449', '2385', '2376', '3189', '3406', '6531', '1229', '2834', '2610', '2889', '2006', '2108', '2014', '2352', '2618', '1722', '2542', '1717', '1904', '2637', '6269', '3443', '2915', '3661', '3533', '1210', '2809', '2812', '1434', '2404', '1440', '2606', '3653', '9917', '3706', '3576', '1227', '6456', '9941', '2059', '2201', '2441', '2845', '6781', '5522', '3532', '6592', '2227']
Traceback (most recent call last):
  File "/home/kctsai/fintech/microcast/receive/crawl_yahoo.py", line 49, in <module>
    sub_page = requests.get(url)
  File "/home/kctsai/miniconda3/envs/demo/lib/python3.6/site-packages/requests/api.py", line 76, in get
    return request('get', url, params=params, **kwargs)
  File "/home/kctsai/miniconda3/envs/demo/lib/python3.6/site-packages/requests/api.py", line 61, in request
    return session.request(method=method, url=url, **kwargs)
  File "/home/kctsai/miniconda3/envs/demo/lib/python3.6/site-packages/requests/sessions.py", line 542, in request
    resp = self.send(prep, **send_kwargs)
  File "/home/kctsai/miniconda3/envs/demo/lib/python3.6/site-packages/requests/sessions.py", line 649, in send
    adapter = self.get_adapter(url=request.url)
  File "/home/kctsai/miniconda3/envs/demo/lib/python3.6/site-packages/requests/sessions.py", line 742, in get_adapter
    raise InvalidSchema("No connection adapters were found for {!r}".format(url))
requests.exceptions.InvalidSchema: No connection adapters were found for '南亞>台塑化>台化]]>https://tw.stock.yahoo.com/news/%E7%86%B1%E9%96%80%E6%97%8F%E7%BE%A4-%E5%A4%96%E8%B3%87%E7%9C%8B%E5%9B%9B%E5%AF%B6-%E5%8F%B0%E5%A1%91-%E5%8D%97%E4%BA%9E-%E5%8F%B0%E5%A1%91%E5%8C%96-024921227.html'
['2330', '2317', '2454', '2308', '2303', '2881', '1301', '1303', '2882', '2002', '2412', '2891', '3711', '2603', '2886', '1216', '2884', '3008', '1326', '2885', '2615', '3034', '5871', '1101', '2327', '2357', '2379', '2609', '6415', '2382', '2892', '5880', '2207', '2409', '2880', '2887', '3045', '1590', '2395', '2912', '5876', '6505', '4938', '1402', '1102', '2801', '4904', '9910', '8046', '2408', '2883', '3037', '2345', '3481', '2890', '2474', '2301', '1476', '2888', '2049', '2492', '2344', '2377', '9904', '6669', '2324', '9921', '3231', '1605', '8454', '2356', '2105', '2360', '3702', '2353', '6239', '2337', '9914', '2354', '1802', '2027', '2347', '9945', '6409', '2383', '4958', '2633', '3044', '5269', '8464', '2458', '1504', '6176', '2823', '3023', '1907', '2371', '1477', '2313', '2449', '6213', '2385', '3189', '3714', '6116', '6531', '1229', '3406', '2376', '2834', '2889', '2108', '2610', '2006', '2352', '2542', '1717', '2014', '2618', '1722', '1904', '3443', '6269', '2915', '3661', '2637', '2809', '3533', '1210', '2812', '1434', '2404', '1440', '3653', '2606', '9917', '3576', '3706', '6456', '1227', '2441', '9941', '2059', '2201', '2845', '6781', '5522', '3532', '6592', '2227']
Traceback (most recent call last):
  File "/home/kctsai/fintech/microcast/receive/crawl_yahoo.py", line 49, in <module>
    sub_page = requests.get(url)
  File "/home/kctsai/miniconda3/envs/demo/lib/python3.6/site-packages/requests/api.py", line 76, in get
    return request('get', url, params=params, **kwargs)
  File "/home/kctsai/miniconda3/envs/demo/lib/python3.6/site-packages/requests/api.py", line 61, in request
    return session.request(method=method, url=url, **kwargs)
  File "/home/kctsai/miniconda3/envs/demo/lib/python3.6/site-packages/requests/sessions.py", line 542, in request
    resp = self.send(prep, **send_kwargs)
  File "/home/kctsai/miniconda3/envs/demo/lib/python3.6/site-packages/requests/sessions.py", line 649, in send
    adapter = self.get_adapter(url=request.url)
  File "/home/kctsai/miniconda3/envs/demo/lib/python3.6/site-packages/requests/sessions.py", line 742, in get_adapter
    raise InvalidSchema("No connection adapters were found for {!r}".format(url))
requests.exceptions.InvalidSchema: No connection adapters were found for '南亞>台塑化>台化]]>https://tw.stock.yahoo.com/news/%E7%86%B1%E9%96%80%E6%97%8F%E7%BE%A4-%E5%A4%96%E8%B3%87%E7%9C%8B%E5%9B%9B%E5%AF%B6-%E5%8F%B0%E5%A1%91-%E5%8D%97%E4%BA%9E-%E5%8F%B0%E5%A1%91%E5%8C%96-024921227.html'
['2330', '2317', '2454', '2308', '2303', '2881', '1301', '1303', '2882', '2002', '2412', '2603', '2891', '3711', '2886', '1216', '2884', '2615', '3008', '2885', '1326', '3034', '5871', '1101', '2609', '2327', '2357', '2379', '2382', '6415', '2892', '5880', '2207', '2409', '2880', '2887', '3045', '1590', '2395', '5876', '2912', '6505', '4938', '1402', '1102', '2801', '4904', '9910', '8046', '2408', '2883', '2345', '3037', '3481', '2890', '2474', '2301', '1476', '2888', '2377', '2049', '2492', '2344', '9904', '2324', '9921', '3231', '1605', '8454', '6669', '2105', '3702', '2360', '2353', '2337', '6239', '2027', '2354', '9914', '2356', '9945', '1802', '2347', '4958', '2383', '6409', '2633', '3044', '5269', '8464', '2458', '1504', '6176', '2823', '3023', '1907', '2371', '3189', '6213', '1477', '2313', '2449', '6531', '2385', '2610', '3714', '6116', '1229', '2376', '2889', '3406', '2108', '2834', '2006', '2014', '2618', '3661', '1722', '2352', '2542', '2637', '1717', '1904', '6269', '3443', '2915', '1210', '2809', '3533', '2812', '1434', '2404', '2606', '1440', '3653', '9917', '3576', '3706', '9941', '1227', '6456', '2059', '2441', '2201', '2845', '6781', '5522', '6592', '3532', '2227']
Traceback (most recent call last):
  File "/home/kctsai/fintech/microcast/receive/crawl_yahoo.py", line 49, in <module>
    sub_page = requests.get(url)
  File "/home/kctsai/miniconda3/envs/demo/lib/python3.6/site-packages/requests/api.py", line 76, in get
    return request('get', url, params=params, **kwargs)
  File "/home/kctsai/miniconda3/envs/demo/lib/python3.6/site-packages/requests/api.py", line 61, in request
    return session.request(method=method, url=url, **kwargs)
  File "/home/kctsai/miniconda3/envs/demo/lib/python3.6/site-packages/requests/sessions.py", line 542, in request
    resp = self.send(prep, **send_kwargs)
  File "/home/kctsai/miniconda3/envs/demo/lib/python3.6/site-packages/requests/sessions.py", line 649, in send
    adapter = self.get_adapter(url=request.url)
  File "/home/kctsai/miniconda3/envs/demo/lib/python3.6/site-packages/requests/sessions.py", line 742, in get_adapter
    raise InvalidSchema("No connection adapters were found for {!r}".format(url))
requests.exceptions.InvalidSchema: No connection adapters were found for '南亞>台塑化>台化]]>https://tw.stock.yahoo.com/news/%E7%86%B1%E9%96%80%E6%97%8F%E7%BE%A4-%E5%A4%96%E8%B3%87%E7%9C%8B%E5%9B%9B%E5%AF%B6-%E5%8F%B0%E5%A1%91-%E5%8D%97%E4%BA%9E-%E5%8F%B0%E5%A1%91%E5%8C%96-024921227.html'
['2330', '2317', '2454', '2308', '2303', '2881', '1301', '1303', '2882', '2603', '2002', '2412', '2891', '3711', '2886', '1216', '2615', '2884', '3008', '2885', '1326', '3034', '2609', '5871', '1101', '2327', '2357', '2379', '2382', '6415', '2892', '5880', '2207', '2409', '2880', '2887', '3045', '1590', '2395', '5876', '2912', '6505', '4938', '1402', '1102', '2801', '4904', '9910', '8046', '2408', '2883', '2345', '3037', '3481', '2890', '2474', '1476', '2301', '2888', '2049', '2377', '2492', '2344', '9904', '2324', '9921', '1605', '3231', '6669', '2105', '2360', '8454', '3702', '2353', '2337', '6239', '2027', '1802', '2354', '9914', '9945', '2356', '2347', '2383', '4958', '6409', '5269', '2633', '3044', '8464', '2458', '1504', '2823', '3023', '6176', '2371', '1907', '6213', '3189', '1477', '2313', '2449', '2385', '3406', '6531', '2376', '3714', '1229', '2610', '2834', '2889', '6116', '2108', '2006', '2014', '2542', '2618', '3661', '1722', '2352', '6269', '1717', '1904', '2637', '2915', '3443', '1210', '2809', '3533', '2812', '1434', '2404', '1440', '2606', '3653', '9917', '3576', '3706', '9941', '1227', '6456', '2059', '2441', '2201', '2845', '6781', '5522', '6592', '3532', '2227']
Traceback (most recent call last):
  File "/home/kctsai/fintech/microcast/receive/crawl_yahoo.py", line 49, in <module>
    sub_page = requests.get(url)
  File "/home/kctsai/miniconda3/envs/demo/lib/python3.6/site-packages/requests/api.py", line 76, in get
    return request('get', url, params=params, **kwargs)
  File "/home/kctsai/miniconda3/envs/demo/lib/python3.6/site-packages/requests/api.py", line 61, in request
    return session.request(method=method, url=url, **kwargs)
  File "/home/kctsai/miniconda3/envs/demo/lib/python3.6/site-packages/requests/sessions.py", line 542, in request
    resp = self.send(prep, **send_kwargs)
  File "/home/kctsai/miniconda3/envs/demo/lib/python3.6/site-packages/requests/sessions.py", line 649, in send
    adapter = self.get_adapter(url=request.url)
  File "/home/kctsai/miniconda3/envs/demo/lib/python3.6/site-packages/requests/sessions.py", line 742, in get_adapter
    raise InvalidSchema("No connection adapters were found for {!r}".format(url))
requests.exceptions.InvalidSchema: No connection adapters were found for '南亞>台塑化>台化]]>https://tw.stock.yahoo.com/news/%E7%86%B1%E9%96%80%E6%97%8F%E7%BE%A4-%E5%A4%96%E8%B3%87%E7%9C%8B%E5%9B%9B%E5%AF%B6-%E5%8F%B0%E5%A1%91-%E5%8D%97%E4%BA%9E-%E5%8F%B0%E5%A1%91%E5%8C%96-024921227.html'
['2330', '2317', '2454', '2308', '2303', '2881', '1301', '1303', '2882', '2603', '2002', '2412', '2891', '3711', '2886', '1216', '2615', '2884', '3008', '2885', '1326', '3034', '2609', '5871', '1101', '2327', '2379', '2357', '6415', '2382', '2892', '5880', '2207', '2409', '2880', '2887', '3045', '1590', '2395', '2912', '5876', '4938', '6505', '1402', '1102', '2801', '4904', '9910', '8046', '2408', '2883', '3037', '2345', '3481', '2890', '2474', '2301', '1476', '2888', '2049', '2377', '2492', '2344', '9904', '1605', '9921', '2324', '3231', '2105', '6669', '2360', '3702', '2353', '8454', '2027', '2337', '6239', '1802', '9914', '9945', '2354', '2383', '2347', '2356', '4958', '6409', '5269', '2633', '3044', '8464', '2458', '1504', '2823', '6176', '3023', '1907', '2371', '1477', '2449', '3189', '2313', '6531', '2376', '2385', '6213', '1229', '2834', '2889', '3406', '2610', '3714', '6116', '2108', '2006', '2014', '2542', '2618', '1722', '3661', '6269', '2352', '1717', '1904', '2637', '2915', '3443', '1210', '2809', '3533', '2812', '1434', '2404', '1440', '2606', '3653', '3576', '9917', '3706', '9941', '1227', '6456', '2059', '2441', '2201', '2845', '6781', '5522', '6592', '3532', '2227']
Traceback (most recent call last):
  File "/home/kctsai/fintech/microcast/receive/crawl_yahoo.py", line 49, in <module>
    sub_page = requests.get(url)
  File "/home/kctsai/miniconda3/envs/demo/lib/python3.6/site-packages/requests/api.py", line 76, in get
    return request('get', url, params=params, **kwargs)
  File "/home/kctsai/miniconda3/envs/demo/lib/python3.6/site-packages/requests/api.py", line 61, in request
    return session.request(method=method, url=url, **kwargs)
  File "/home/kctsai/miniconda3/envs/demo/lib/python3.6/site-packages/requests/sessions.py", line 542, in request
    resp = self.send(prep, **send_kwargs)
  File "/home/kctsai/miniconda3/envs/demo/lib/python3.6/site-packages/requests/sessions.py", line 649, in send
    adapter = self.get_adapter(url=request.url)
  File "/home/kctsai/miniconda3/envs/demo/lib/python3.6/site-packages/requests/sessions.py", line 742, in get_adapter
    raise InvalidSchema("No connection adapters were found for {!r}".format(url))
requests.exceptions.InvalidSchema: No connection adapters were found for '南亞>台塑化>台化]]>https://tw.stock.yahoo.com/news/%E7%86%B1%E9%96%80%E6%97%8F%E7%BE%A4-%E5%A4%96%E8%B3%87%E7%9C%8B%E5%9B%9B%E5%AF%B6-%E5%8F%B0%E5%A1%91-%E5%8D%97%E4%BA%9E-%E5%8F%B0%E5%A1%91%E5%8C%96-024921227.html'
